Feb 23, 2017 11:53:49 PM org.apache.catalina.startup.VersionLoggerListener log
INFO: Server version:        Apache Tomcat/7.0.75
Feb 23, 2017 11:53:49 PM org.apache.catalina.startup.VersionLoggerListener log
INFO: Server built:          Jan 18 2017 20:54:42 UTC
Feb 23, 2017 11:53:49 PM org.apache.catalina.startup.VersionLoggerListener log
INFO: Server number:         7.0.75.0
Feb 23, 2017 11:53:49 PM org.apache.catalina.startup.VersionLoggerListener log
INFO: OS Name:               Windows 8.1
Feb 23, 2017 11:53:49 PM org.apache.catalina.startup.VersionLoggerListener log
INFO: OS Version:            6.3
Feb 23, 2017 11:53:49 PM org.apache.catalina.startup.VersionLoggerListener log
INFO: Architecture:          amd64
Feb 23, 2017 11:53:49 PM org.apache.catalina.startup.VersionLoggerListener log
INFO: Java Home:             C:\Program Files\Java\jdk1.8.0_51\jre
Feb 23, 2017 11:53:49 PM org.apache.catalina.startup.VersionLoggerListener log
INFO: JVM Version:           1.8.0_51-b16
Feb 23, 2017 11:53:49 PM org.apache.catalina.startup.VersionLoggerListener log
INFO: JVM Vendor:            Oracle Corporation
Feb 23, 2017 11:53:49 PM org.apache.catalina.startup.VersionLoggerListener log
INFO: CATALINA_BASE:         C:\Users\Srajan\Documents\NetBeansProjects\FeedFusion_2\apache-tomcat-7.0.75
Feb 23, 2017 11:53:49 PM org.apache.catalina.startup.VersionLoggerListener log
INFO: CATALINA_HOME:         C:\Users\Srajan\Documents\NetBeansProjects\FeedFusion_2\apache-tomcat-7.0.75
Feb 23, 2017 11:53:49 PM org.apache.catalina.startup.VersionLoggerListener log
INFO: Command line argument: -Djava.util.logging.config.file=C:\Users\Srajan\Documents\NetBeansProjects\FeedFusion_2\apache-tomcat-7.0.75\conf\logging.properties
Feb 23, 2017 11:53:49 PM org.apache.catalina.startup.VersionLoggerListener log
INFO: Command line argument: -Djava.util.logging.manager=org.apache.juli.ClassLoaderLogManager
Feb 23, 2017 11:53:49 PM org.apache.catalina.startup.VersionLoggerListener log
INFO: Command line argument: -Dhttp.proxyHost=10.25.0.42
Feb 23, 2017 11:53:49 PM org.apache.catalina.startup.VersionLoggerListener log
INFO: Command line argument: -Dhttp.proxyPort=3128
Feb 23, 2017 11:53:49 PM org.apache.catalina.startup.VersionLoggerListener log
INFO: Command line argument: -Dhttp.nonProxyHosts=mail.sgsits.ac.in:8080*|192.168.*.*|10.*.*.*|<local>*|localhost|127.0.0.1|SONI
Feb 23, 2017 11:53:49 PM org.apache.catalina.startup.VersionLoggerListener log
INFO: Command line argument: -Dhttps.proxyHost=10.25.0.42
Feb 23, 2017 11:53:49 PM org.apache.catalina.startup.VersionLoggerListener log
INFO: Command line argument: -Dhttps.proxyPort=3128
Feb 23, 2017 11:53:49 PM org.apache.catalina.startup.VersionLoggerListener log
INFO: Command line argument: -Djdk.tls.ephemeralDHKeySize=2048
Feb 23, 2017 11:53:49 PM org.apache.catalina.startup.VersionLoggerListener log
INFO: Command line argument: -Djava.endorsed.dirs=C:\Users\Srajan\Documents\NetBeansProjects\FeedFusion_2\apache-tomcat-7.0.75\endorsed
Feb 23, 2017 11:53:49 PM org.apache.catalina.startup.VersionLoggerListener log
INFO: Command line argument: -Dcatalina.base=C:\Users\Srajan\Documents\NetBeansProjects\FeedFusion_2\apache-tomcat-7.0.75
Feb 23, 2017 11:53:49 PM org.apache.catalina.startup.VersionLoggerListener log
INFO: Command line argument: -Dcatalina.home=C:\Users\Srajan\Documents\NetBeansProjects\FeedFusion_2\apache-tomcat-7.0.75
Feb 23, 2017 11:53:49 PM org.apache.catalina.startup.VersionLoggerListener log
INFO: Command line argument: -Djava.io.tmpdir=C:\Users\Srajan\Documents\NetBeansProjects\FeedFusion_2\apache-tomcat-7.0.75\temp
Feb 23, 2017 11:53:49 PM org.apache.catalina.core.AprLifecycleListener lifecycleEvent
INFO: Loaded APR based Apache Tomcat Native library 1.2.10 using APR version 1.5.2.
Feb 23, 2017 11:53:49 PM org.apache.catalina.core.AprLifecycleListener lifecycleEvent
INFO: APR capabilities: IPv6 [true], sendfile [true], accept filters [false], random [true].
Feb 23, 2017 11:53:51 PM org.apache.catalina.core.AprLifecycleListener initializeSSL
INFO: OpenSSL successfully initialized (OpenSSL 1.0.2j  26 Sep 2016)
Feb 23, 2017 11:53:52 PM org.apache.coyote.AbstractProtocol init
INFO: Initializing ProtocolHandler ["http-apr-8080"]
Feb 23, 2017 11:53:52 PM org.apache.coyote.AbstractProtocol init
INFO: Initializing ProtocolHandler ["ajp-apr-8009"]
Feb 23, 2017 11:53:52 PM org.apache.catalina.startup.Catalina load
INFO: Initialization processed in 4367 ms
Feb 23, 2017 11:53:52 PM org.apache.catalina.core.StandardService startInternal
INFO: Starting service Catalina
Feb 23, 2017 11:53:52 PM org.apache.catalina.core.StandardEngine startInternal
INFO: Starting Servlet Engine: Apache Tomcat/7.0.75
Feb 23, 2017 11:53:52 PM org.apache.catalina.startup.HostConfig deployDirectory
INFO: Deploying web application directory C:\Users\Srajan\Documents\NetBeansProjects\FeedFusion_2\apache-tomcat-7.0.75\webapps\docs
Feb 23, 2017 11:53:54 PM org.apache.catalina.startup.TldConfig execute
INFO: At least one JAR was scanned for TLDs yet contained no TLDs. Enable debug logging for this logger for a complete list of JARs that were scanned but no TLDs were found in them. Skipping unneeded JARs during scanning can improve startup time and JSP compilation time.
Feb 23, 2017 11:53:54 PM org.apache.catalina.util.SessionIdGeneratorBase createSecureRandom
INFO: Creation of SecureRandom instance for session ID generation using [SHA1PRNG] took [517] milliseconds.
Feb 23, 2017 11:53:54 PM org.apache.catalina.startup.HostConfig deployDirectory
INFO: Deployment of web application directory C:\Users\Srajan\Documents\NetBeansProjects\FeedFusion_2\apache-tomcat-7.0.75\webapps\docs has finished in 2,215 ms
Feb 23, 2017 11:53:54 PM org.apache.catalina.startup.HostConfig deployDirectory
INFO: Deploying web application directory C:\Users\Srajan\Documents\NetBeansProjects\FeedFusion_2\apache-tomcat-7.0.75\webapps\examples
Feb 23, 2017 11:53:59 PM org.apache.catalina.startup.TldConfig execute
INFO: At least one JAR was scanned for TLDs yet contained no TLDs. Enable debug logging for this logger for a complete list of JARs that were scanned but no TLDs were found in them. Skipping unneeded JARs during scanning can improve startup time and JSP compilation time.
Feb 23, 2017 11:53:59 PM org.apache.catalina.startup.HostConfig deployDirectory
INFO: Deployment of web application directory C:\Users\Srajan\Documents\NetBeansProjects\FeedFusion_2\apache-tomcat-7.0.75\webapps\examples has finished in 4,644 ms
Feb 23, 2017 11:53:59 PM org.apache.catalina.startup.HostConfig deployDirectory
INFO: Deploying web application directory C:\Users\Srajan\Documents\NetBeansProjects\FeedFusion_2\apache-tomcat-7.0.75\webapps\host-manager
Feb 23, 2017 11:53:59 PM org.apache.catalina.startup.TldConfig execute
INFO: At least one JAR was scanned for TLDs yet contained no TLDs. Enable debug logging for this logger for a complete list of JARs that were scanned but no TLDs were found in them. Skipping unneeded JARs during scanning can improve startup time and JSP compilation time.
Feb 23, 2017 11:53:59 PM org.apache.catalina.startup.HostConfig deployDirectory
INFO: Deployment of web application directory C:\Users\Srajan\Documents\NetBeansProjects\FeedFusion_2\apache-tomcat-7.0.75\webapps\host-manager has finished in 522 ms
Feb 23, 2017 11:53:59 PM org.apache.catalina.startup.HostConfig deployDirectory
INFO: Deploying web application directory C:\Users\Srajan\Documents\NetBeansProjects\FeedFusion_2\apache-tomcat-7.0.75\webapps\manager
Feb 23, 2017 11:54:00 PM org.apache.catalina.startup.TldConfig execute
INFO: At least one JAR was scanned for TLDs yet contained no TLDs. Enable debug logging for this logger for a complete list of JARs that were scanned but no TLDs were found in them. Skipping unneeded JARs during scanning can improve startup time and JSP compilation time.
Feb 23, 2017 11:54:00 PM org.apache.catalina.startup.HostConfig deployDirectory
INFO: Deployment of web application directory C:\Users\Srajan\Documents\NetBeansProjects\FeedFusion_2\apache-tomcat-7.0.75\webapps\manager has finished in 362 ms
Feb 23, 2017 11:54:00 PM org.apache.catalina.startup.HostConfig deployDirectory
INFO: Deploying web application directory C:\Users\Srajan\Documents\NetBeansProjects\FeedFusion_2\apache-tomcat-7.0.75\webapps\ROOT
Feb 23, 2017 11:54:00 PM org.apache.catalina.startup.TldConfig execute
INFO: At least one JAR was scanned for TLDs yet contained no TLDs. Enable debug logging for this logger for a complete list of JARs that were scanned but no TLDs were found in them. Skipping unneeded JARs during scanning can improve startup time and JSP compilation time.
Feb 23, 2017 11:54:00 PM org.apache.catalina.startup.HostConfig deployDirectory
INFO: Deployment of web application directory C:\Users\Srajan\Documents\NetBeansProjects\FeedFusion_2\apache-tomcat-7.0.75\webapps\ROOT has finished in 238 ms
Feb 23, 2017 11:54:00 PM org.apache.coyote.AbstractProtocol start
INFO: Starting ProtocolHandler ["http-apr-8080"]
Feb 23, 2017 11:54:00 PM org.apache.coyote.AbstractProtocol start
INFO: Starting ProtocolHandler ["ajp-apr-8009"]
Feb 23, 2017 11:54:00 PM org.apache.catalina.startup.Catalina start
INFO: Server startup in 8345 ms
Feb 23, 2017 11:54:02 PM org.apache.catalina.startup.HostConfig deployDescriptor
INFO: Deploying configuration descriptor C:\Users\Srajan\Documents\NetBeansProjects\FeedFusion_2\apache-tomcat-7.0.75\conf\Catalina\localhost\feedfusion.xml
Feb 23, 2017 11:54:03 PM org.apache.catalina.deploy.WebXml setVersion
WARNING: Unknown version string [3.1]. Default version will be used.
Feb 23, 2017 11:54:04 PM org.apache.catalina.startup.TldConfig execute
INFO: At least one JAR was scanned for TLDs yet contained no TLDs. Enable debug logging for this logger for a complete list of JARs that were scanned but no TLDs were found in them. Skipping unneeded JARs during scanning can improve startup time and JSP compilation time.
Feb 23, 2017 11:54:04 PM org.apache.catalina.startup.HostConfig deployDescriptor
INFO: Deployment of configuration descriptor C:\Users\Srajan\Documents\NetBeansProjects\FeedFusion_2\apache-tomcat-7.0.75\conf\Catalina\localhost\feedfusion.xml has finished in 1,802 ms
Feb 23, 2017 11:54:04 PM org.apache.catalina.util.LifecycleBase start
INFO: The start() method was called on component [StandardEngine[Catalina].StandardHost[localhost].StandardContext[/feedfusion]] after start() had already been called. The second call will be ignored.
Feb 23, 2017 11:56:36 PM org.apache.catalina.core.StandardContext reload
INFO: Reloading Context with name [/feedfusion] has started
Feb 23, 2017 11:56:36 PM org.apache.catalina.loader.WebappClassLoaderBase clearReferencesJdbc
SEVERE: The web application [/feedfusion] registered the JDBC driver [com.mysql.jdbc.Driver] but failed to unregister it when the web application was stopped. To prevent a memory leak, the JDBC Driver has been forcibly unregistered.
Feb 23, 2017 11:56:37 PM org.apache.catalina.deploy.WebXml setVersion
WARNING: Unknown version string [3.1]. Default version will be used.
Feb 23, 2017 11:56:41 PM org.apache.catalina.startup.TldConfig execute
INFO: At least one JAR was scanned for TLDs yet contained no TLDs. Enable debug logging for this logger for a complete list of JARs that were scanned but no TLDs were found in them. Skipping unneeded JARs during scanning can improve startup time and JSP compilation time.
Feb 23, 2017 11:56:41 PM org.apache.catalina.core.StandardContext reload
INFO: Reloading Context with name [/feedfusion] is completed
Feb 23, 2017 11:56:46 PM org.apache.catalina.core.StandardContext reload
INFO: Reloading Context with name [/feedfusion] has started
Feb 23, 2017 11:56:46 PM org.apache.catalina.loader.WebappClassLoaderBase clearReferencesJdbc
SEVERE: The web application [/feedfusion] registered the JDBC driver [com.mysql.jdbc.Driver] but failed to unregister it when the web application was stopped. To prevent a memory leak, the JDBC Driver has been forcibly unregistered.
Feb 23, 2017 11:56:46 PM org.apache.catalina.deploy.WebXml setVersion
WARNING: Unknown version string [3.1]. Default version will be used.
Feb 23, 2017 11:56:47 PM org.apache.catalina.startup.TldConfig execute
INFO: At least one JAR was scanned for TLDs yet contained no TLDs. Enable debug logging for this logger for a complete list of JARs that were scanned but no TLDs were found in them. Skipping unneeded JARs during scanning can improve startup time and JSP compilation time.
Feb 23, 2017 11:56:47 PM org.apache.catalina.core.StandardContext reload
INFO: Reloading Context with name [/feedfusion] is completed
Feb 23, 2017 11:57:19 PM org.apache.catalina.core.StandardContext reload
INFO: Reloading Context with name [/feedfusion] has started
Feb 23, 2017 11:57:19 PM org.apache.catalina.loader.WebappClassLoaderBase clearReferencesJdbc
SEVERE: The web application [/feedfusion] registered the JDBC driver [com.mysql.jdbc.Driver] but failed to unregister it when the web application was stopped. To prevent a memory leak, the JDBC Driver has been forcibly unregistered.
Feb 23, 2017 11:57:19 PM org.apache.catalina.deploy.WebXml setVersion
WARNING: Unknown version string [3.1]. Default version will be used.
Feb 23, 2017 11:57:19 PM org.apache.catalina.startup.TldConfig execute
INFO: At least one JAR was scanned for TLDs yet contained no TLDs. Enable debug logging for this logger for a complete list of JARs that were scanned but no TLDs were found in them. Skipping unneeded JARs during scanning can improve startup time and JSP compilation time.
Feb 23, 2017 11:57:19 PM org.apache.catalina.core.StandardContext reload
INFO: Reloading Context with name [/feedfusion] is completed
