Feb 24, 2017 12:02:49 AM org.apache.catalina.core.StandardServer await
INFO: A valid shutdown command was received via the shutdown port. Stopping the Server instance.
Feb 24, 2017 12:02:49 AM org.apache.coyote.AbstractProtocol pause
INFO: Pausing ProtocolHandler ["http-apr-8080"]
Feb 24, 2017 12:02:49 AM org.apache.coyote.AbstractProtocol pause
INFO: Pausing ProtocolHandler ["ajp-apr-8009"]
Feb 24, 2017 12:02:49 AM org.apache.catalina.core.StandardService stopInternal
INFO: Stopping service Catalina
Feb 24, 2017 12:02:51 AM org.apache.catalina.loader.WebappClassLoaderBase clearReferencesJdbc
SEVERE: The web application [/feedfusion] registered the JDBC driver [com.mysql.jdbc.Driver] but failed to unregister it when the web application was stopped. To prevent a memory leak, the JDBC Driver has been forcibly unregistered.
Feb 24, 2017 12:02:51 AM org.apache.coyote.AbstractProtocol stop
INFO: Stopping ProtocolHandler ["http-apr-8080"]
Feb 24, 2017 12:02:51 AM org.apache.coyote.AbstractProtocol stop
INFO: Stopping ProtocolHandler ["ajp-apr-8009"]
Feb 24, 2017 12:02:51 AM org.apache.coyote.AbstractProtocol destroy
INFO: Destroying ProtocolHandler ["http-apr-8080"]
Feb 24, 2017 12:02:51 AM org.apache.coyote.AbstractProtocol destroy
INFO: Destroying ProtocolHandler ["ajp-apr-8009"]
Feb 24, 2017 7:58:45 AM org.apache.catalina.startup.VersionLoggerListener log
INFO: Server version:        Apache Tomcat/7.0.75
Feb 24, 2017 7:58:45 AM org.apache.catalina.startup.VersionLoggerListener log
INFO: Server built:          Jan 18 2017 20:54:42 UTC
Feb 24, 2017 7:58:45 AM org.apache.catalina.startup.VersionLoggerListener log
INFO: Server number:         7.0.75.0
Feb 24, 2017 7:58:45 AM org.apache.catalina.startup.VersionLoggerListener log
INFO: OS Name:               Windows 8.1
Feb 24, 2017 7:58:45 AM org.apache.catalina.startup.VersionLoggerListener log
INFO: OS Version:            6.3
Feb 24, 2017 7:58:45 AM org.apache.catalina.startup.VersionLoggerListener log
INFO: Architecture:          amd64
Feb 24, 2017 7:58:45 AM org.apache.catalina.startup.VersionLoggerListener log
INFO: Java Home:             C:\Program Files\Java\jdk1.8.0_51\jre
Feb 24, 2017 7:58:45 AM org.apache.catalina.startup.VersionLoggerListener log
INFO: JVM Version:           1.8.0_51-b16
Feb 24, 2017 7:58:45 AM org.apache.catalina.startup.VersionLoggerListener log
INFO: JVM Vendor:            Oracle Corporation
Feb 24, 2017 7:58:45 AM org.apache.catalina.startup.VersionLoggerListener log
INFO: CATALINA_BASE:         C:\Users\Srajan\Documents\NetBeansProjects\FeedFusion_2\apache-tomcat-7.0.75
Feb 24, 2017 7:58:45 AM org.apache.catalina.startup.VersionLoggerListener log
INFO: CATALINA_HOME:         C:\Users\Srajan\Documents\NetBeansProjects\FeedFusion_2\apache-tomcat-7.0.75
Feb 24, 2017 7:58:45 AM org.apache.catalina.startup.VersionLoggerListener log
INFO: Command line argument: -Djava.util.logging.config.file=C:\Users\Srajan\Documents\NetBeansProjects\FeedFusion_2\apache-tomcat-7.0.75\conf\logging.properties
Feb 24, 2017 7:58:45 AM org.apache.catalina.startup.VersionLoggerListener log
INFO: Command line argument: -Djava.util.logging.manager=org.apache.juli.ClassLoaderLogManager
Feb 24, 2017 7:58:45 AM org.apache.catalina.startup.VersionLoggerListener log
INFO: Command line argument: -Dhttp.proxyHost=10.25.0.42
Feb 24, 2017 7:58:45 AM org.apache.catalina.startup.VersionLoggerListener log
INFO: Command line argument: -Dhttp.proxyPort=3128
Feb 24, 2017 7:58:45 AM org.apache.catalina.startup.VersionLoggerListener log
INFO: Command line argument: -Dhttp.nonProxyHosts=localhost*|127.0.0.1*|SONI*|localhost|127.0.0.1|SONI
Feb 24, 2017 7:58:45 AM org.apache.catalina.startup.VersionLoggerListener log
INFO: Command line argument: -Dhttps.proxyHost=10.25.0.42
Feb 24, 2017 7:58:45 AM org.apache.catalina.startup.VersionLoggerListener log
INFO: Command line argument: -Dhttps.proxyPort=3128
Feb 24, 2017 7:58:45 AM org.apache.catalina.startup.VersionLoggerListener log
INFO: Command line argument: -Djdk.tls.ephemeralDHKeySize=2048
Feb 24, 2017 7:58:45 AM org.apache.catalina.startup.VersionLoggerListener log
INFO: Command line argument: -Djava.endorsed.dirs=C:\Users\Srajan\Documents\NetBeansProjects\FeedFusion_2\apache-tomcat-7.0.75\endorsed
Feb 24, 2017 7:58:45 AM org.apache.catalina.startup.VersionLoggerListener log
INFO: Command line argument: -Dcatalina.base=C:\Users\Srajan\Documents\NetBeansProjects\FeedFusion_2\apache-tomcat-7.0.75
Feb 24, 2017 7:58:45 AM org.apache.catalina.startup.VersionLoggerListener log
INFO: Command line argument: -Dcatalina.home=C:\Users\Srajan\Documents\NetBeansProjects\FeedFusion_2\apache-tomcat-7.0.75
Feb 24, 2017 7:58:45 AM org.apache.catalina.startup.VersionLoggerListener log
INFO: Command line argument: -Djava.io.tmpdir=C:\Users\Srajan\Documents\NetBeansProjects\FeedFusion_2\apache-tomcat-7.0.75\temp
Feb 24, 2017 7:58:45 AM org.apache.catalina.core.AprLifecycleListener lifecycleEvent
INFO: Loaded APR based Apache Tomcat Native library 1.2.10 using APR version 1.5.2.
Feb 24, 2017 7:58:45 AM org.apache.catalina.core.AprLifecycleListener lifecycleEvent
INFO: APR capabilities: IPv6 [true], sendfile [true], accept filters [false], random [true].
Feb 24, 2017 7:58:46 AM org.apache.catalina.core.AprLifecycleListener initializeSSL
INFO: OpenSSL successfully initialized (OpenSSL 1.0.2j  26 Sep 2016)
Feb 24, 2017 7:58:49 AM org.apache.coyote.AbstractProtocol init
INFO: Initializing ProtocolHandler ["http-apr-8080"]
Feb 24, 2017 7:58:49 AM org.apache.coyote.AbstractProtocol init
INFO: Initializing ProtocolHandler ["ajp-apr-8009"]
Feb 24, 2017 7:58:49 AM org.apache.catalina.startup.Catalina load
INFO: Initialization processed in 7561 ms
Feb 24, 2017 7:58:49 AM org.apache.catalina.core.StandardService startInternal
INFO: Starting service Catalina
Feb 24, 2017 7:58:49 AM org.apache.catalina.core.StandardEngine startInternal
INFO: Starting Servlet Engine: Apache Tomcat/7.0.75
Feb 24, 2017 7:58:49 AM org.apache.catalina.startup.HostConfig deployDescriptor
INFO: Deploying configuration descriptor C:\Users\Srajan\Documents\NetBeansProjects\FeedFusion_2\apache-tomcat-7.0.75\conf\Catalina\localhost\feedfusion.xml
Feb 24, 2017 7:58:50 AM org.apache.catalina.deploy.WebXml setVersion
WARNING: Unknown version string [3.1]. Default version will be used.
Feb 24, 2017 7:58:52 AM org.apache.catalina.startup.TldConfig execute
INFO: At least one JAR was scanned for TLDs yet contained no TLDs. Enable debug logging for this logger for a complete list of JARs that were scanned but no TLDs were found in them. Skipping unneeded JARs during scanning can improve startup time and JSP compilation time.
Feb 24, 2017 7:58:53 AM org.apache.catalina.util.SessionIdGeneratorBase createSecureRandom
INFO: Creation of SecureRandom instance for session ID generation using [SHA1PRNG] took [725] milliseconds.
Feb 24, 2017 7:58:53 AM org.apache.catalina.startup.HostConfig deployDescriptor
INFO: Deployment of configuration descriptor C:\Users\Srajan\Documents\NetBeansProjects\FeedFusion_2\apache-tomcat-7.0.75\conf\Catalina\localhost\feedfusion.xml has finished in 4,201 ms
Feb 24, 2017 7:58:53 AM org.apache.catalina.startup.HostConfig deployDirectory
INFO: Deploying web application directory C:\Users\Srajan\Documents\NetBeansProjects\FeedFusion_2\apache-tomcat-7.0.75\webapps\docs
Feb 24, 2017 7:58:54 AM org.apache.catalina.startup.TldConfig execute
INFO: At least one JAR was scanned for TLDs yet contained no TLDs. Enable debug logging for this logger for a complete list of JARs that were scanned but no TLDs were found in them. Skipping unneeded JARs during scanning can improve startup time and JSP compilation time.
Feb 24, 2017 7:58:54 AM org.apache.catalina.startup.HostConfig deployDirectory
INFO: Deployment of web application directory C:\Users\Srajan\Documents\NetBeansProjects\FeedFusion_2\apache-tomcat-7.0.75\webapps\docs has finished in 432 ms
Feb 24, 2017 7:58:54 AM org.apache.catalina.startup.HostConfig deployDirectory
INFO: Deploying web application directory C:\Users\Srajan\Documents\NetBeansProjects\FeedFusion_2\apache-tomcat-7.0.75\webapps\examples
Feb 24, 2017 7:58:55 AM org.apache.catalina.startup.TldConfig execute
INFO: At least one JAR was scanned for TLDs yet contained no TLDs. Enable debug logging for this logger for a complete list of JARs that were scanned but no TLDs were found in them. Skipping unneeded JARs during scanning can improve startup time and JSP compilation time.
Feb 24, 2017 7:58:55 AM org.apache.catalina.startup.HostConfig deployDirectory
INFO: Deployment of web application directory C:\Users\Srajan\Documents\NetBeansProjects\FeedFusion_2\apache-tomcat-7.0.75\webapps\examples has finished in 1,531 ms
Feb 24, 2017 7:58:55 AM org.apache.catalina.startup.HostConfig deployDirectory
INFO: Deploying web application directory C:\Users\Srajan\Documents\NetBeansProjects\FeedFusion_2\apache-tomcat-7.0.75\webapps\host-manager
Feb 24, 2017 7:58:56 AM org.apache.catalina.startup.TldConfig execute
INFO: At least one JAR was scanned for TLDs yet contained no TLDs. Enable debug logging for this logger for a complete list of JARs that were scanned but no TLDs were found in them. Skipping unneeded JARs during scanning can improve startup time and JSP compilation time.
Feb 24, 2017 7:58:56 AM org.apache.catalina.startup.HostConfig deployDirectory
INFO: Deployment of web application directory C:\Users\Srajan\Documents\NetBeansProjects\FeedFusion_2\apache-tomcat-7.0.75\webapps\host-manager has finished in 472 ms
Feb 24, 2017 7:58:56 AM org.apache.catalina.startup.HostConfig deployDirectory
INFO: Deploying web application directory C:\Users\Srajan\Documents\NetBeansProjects\FeedFusion_2\apache-tomcat-7.0.75\webapps\manager
Feb 24, 2017 7:58:56 AM org.apache.catalina.startup.TldConfig execute
INFO: At least one JAR was scanned for TLDs yet contained no TLDs. Enable debug logging for this logger for a complete list of JARs that were scanned but no TLDs were found in them. Skipping unneeded JARs during scanning can improve startup time and JSP compilation time.
Feb 24, 2017 7:58:56 AM org.apache.catalina.startup.HostConfig deployDirectory
INFO: Deployment of web application directory C:\Users\Srajan\Documents\NetBeansProjects\FeedFusion_2\apache-tomcat-7.0.75\webapps\manager has finished in 367 ms
Feb 24, 2017 7:58:56 AM org.apache.catalina.startup.HostConfig deployDirectory
INFO: Deploying web application directory C:\Users\Srajan\Documents\NetBeansProjects\FeedFusion_2\apache-tomcat-7.0.75\webapps\ROOT
Feb 24, 2017 7:58:57 AM org.apache.catalina.startup.TldConfig execute
INFO: At least one JAR was scanned for TLDs yet contained no TLDs. Enable debug logging for this logger for a complete list of JARs that were scanned but no TLDs were found in them. Skipping unneeded JARs during scanning can improve startup time and JSP compilation time.
Feb 24, 2017 7:58:57 AM org.apache.catalina.startup.HostConfig deployDirectory
INFO: Deployment of web application directory C:\Users\Srajan\Documents\NetBeansProjects\FeedFusion_2\apache-tomcat-7.0.75\webapps\ROOT has finished in 421 ms
Feb 24, 2017 7:58:57 AM org.apache.coyote.AbstractProtocol start
INFO: Starting ProtocolHandler ["http-apr-8080"]
Feb 24, 2017 7:58:57 AM org.apache.coyote.AbstractProtocol start
INFO: Starting ProtocolHandler ["ajp-apr-8009"]
Feb 24, 2017 7:58:57 AM org.apache.catalina.startup.Catalina start
INFO: Server startup in 7813 ms
Feb 24, 2017 7:59:11 AM org.apache.catalina.core.StandardContext reload
INFO: Reloading Context with name [/feedfusion] has started
Feb 24, 2017 7:59:12 AM org.apache.catalina.startup.TldConfig execute
INFO: At least one JAR was scanned for TLDs yet contained no TLDs. Enable debug logging for this logger for a complete list of JARs that were scanned but no TLDs were found in them. Skipping unneeded JARs during scanning can improve startup time and JSP compilation time.
Feb 24, 2017 7:59:12 AM org.apache.catalina.core.StandardContext reload
INFO: Reloading Context with name [/feedfusion] is completed
Feb 24, 2017 8:02:19 AM org.apache.catalina.core.StandardServer await
INFO: A valid shutdown command was received via the shutdown port. Stopping the Server instance.
Feb 24, 2017 8:02:19 AM org.apache.coyote.AbstractProtocol pause
INFO: Pausing ProtocolHandler ["http-apr-8080"]
Feb 24, 2017 8:02:19 AM org.apache.coyote.AbstractProtocol pause
INFO: Pausing ProtocolHandler ["ajp-apr-8009"]
Feb 24, 2017 8:02:19 AM org.apache.catalina.core.StandardService stopInternal
INFO: Stopping service Catalina
Feb 24, 2017 8:02:19 AM org.apache.catalina.loader.WebappClassLoaderBase clearReferencesJdbc
SEVERE: The web application [/feedfusion] registered the JDBC driver [com.mysql.jdbc.Driver] but failed to unregister it when the web application was stopped. To prevent a memory leak, the JDBC Driver has been forcibly unregistered.
Feb 24, 2017 8:02:19 AM org.apache.coyote.AbstractProtocol stop
INFO: Stopping ProtocolHandler ["http-apr-8080"]
Feb 24, 2017 8:02:19 AM org.apache.coyote.AbstractProtocol stop
INFO: Stopping ProtocolHandler ["ajp-apr-8009"]
Feb 24, 2017 8:02:19 AM org.apache.coyote.AbstractProtocol destroy
INFO: Destroying ProtocolHandler ["http-apr-8080"]
Feb 24, 2017 8:02:19 AM org.apache.coyote.AbstractProtocol destroy
INFO: Destroying ProtocolHandler ["ajp-apr-8009"]
Feb 24, 2017 8:02:31 AM org.apache.catalina.startup.VersionLoggerListener log
INFO: Server version:        Apache Tomcat/7.0.75
Feb 24, 2017 8:02:31 AM org.apache.catalina.startup.VersionLoggerListener log
INFO: Server built:          Jan 18 2017 20:54:42 UTC
Feb 24, 2017 8:02:31 AM org.apache.catalina.startup.VersionLoggerListener log
INFO: Server number:         7.0.75.0
Feb 24, 2017 8:02:31 AM org.apache.catalina.startup.VersionLoggerListener log
INFO: OS Name:               Windows 8.1
Feb 24, 2017 8:02:31 AM org.apache.catalina.startup.VersionLoggerListener log
INFO: OS Version:            6.3
Feb 24, 2017 8:02:31 AM org.apache.catalina.startup.VersionLoggerListener log
INFO: Architecture:          amd64
Feb 24, 2017 8:02:31 AM org.apache.catalina.startup.VersionLoggerListener log
INFO: Java Home:             C:\Program Files\Java\jdk1.8.0_51\jre
Feb 24, 2017 8:02:31 AM org.apache.catalina.startup.VersionLoggerListener log
INFO: JVM Version:           1.8.0_51-b16
Feb 24, 2017 8:02:31 AM org.apache.catalina.startup.VersionLoggerListener log
INFO: JVM Vendor:            Oracle Corporation
Feb 24, 2017 8:02:31 AM org.apache.catalina.startup.VersionLoggerListener log
INFO: CATALINA_BASE:         C:\Users\Srajan\Documents\NetBeansProjects\FeedFusion_2\apache-tomcat-7.0.75
Feb 24, 2017 8:02:31 AM org.apache.catalina.startup.VersionLoggerListener log
INFO: CATALINA_HOME:         C:\Users\Srajan\Documents\NetBeansProjects\FeedFusion_2\apache-tomcat-7.0.75
Feb 24, 2017 8:02:31 AM org.apache.catalina.startup.VersionLoggerListener log
INFO: Command line argument: -Djava.util.logging.config.file=C:\Users\Srajan\Documents\NetBeansProjects\FeedFusion_2\apache-tomcat-7.0.75\conf\logging.properties
Feb 24, 2017 8:02:31 AM org.apache.catalina.startup.VersionLoggerListener log
INFO: Command line argument: -Djava.util.logging.manager=org.apache.juli.ClassLoaderLogManager
Feb 24, 2017 8:02:31 AM org.apache.catalina.startup.VersionLoggerListener log
INFO: Command line argument: -Dhttp.proxyHost=10.25.0.42
Feb 24, 2017 8:02:31 AM org.apache.catalina.startup.VersionLoggerListener log
INFO: Command line argument: -Dhttp.proxyPort=3128
Feb 24, 2017 8:02:31 AM org.apache.catalina.startup.VersionLoggerListener log
INFO: Command line argument: -Dhttp.nonProxyHosts=localhost*|127.0.0.1*|SONI*|localhost|127.0.0.1|SONI
Feb 24, 2017 8:02:31 AM org.apache.catalina.startup.VersionLoggerListener log
INFO: Command line argument: -Dhttps.proxyHost=10.25.0.42
Feb 24, 2017 8:02:31 AM org.apache.catalina.startup.VersionLoggerListener log
INFO: Command line argument: -Dhttps.proxyPort=3128
Feb 24, 2017 8:02:31 AM org.apache.catalina.startup.VersionLoggerListener log
INFO: Command line argument: -Djdk.tls.ephemeralDHKeySize=2048
Feb 24, 2017 8:02:31 AM org.apache.catalina.startup.VersionLoggerListener log
INFO: Command line argument: -Djava.endorsed.dirs=C:\Users\Srajan\Documents\NetBeansProjects\FeedFusion_2\apache-tomcat-7.0.75\endorsed
Feb 24, 2017 8:02:31 AM org.apache.catalina.startup.VersionLoggerListener log
INFO: Command line argument: -Dcatalina.base=C:\Users\Srajan\Documents\NetBeansProjects\FeedFusion_2\apache-tomcat-7.0.75
Feb 24, 2017 8:02:31 AM org.apache.catalina.startup.VersionLoggerListener log
INFO: Command line argument: -Dcatalina.home=C:\Users\Srajan\Documents\NetBeansProjects\FeedFusion_2\apache-tomcat-7.0.75
Feb 24, 2017 8:02:31 AM org.apache.catalina.startup.VersionLoggerListener log
INFO: Command line argument: -Djava.io.tmpdir=C:\Users\Srajan\Documents\NetBeansProjects\FeedFusion_2\apache-tomcat-7.0.75\temp
Feb 24, 2017 8:02:31 AM org.apache.catalina.core.AprLifecycleListener lifecycleEvent
INFO: Loaded APR based Apache Tomcat Native library 1.2.10 using APR version 1.5.2.
Feb 24, 2017 8:02:31 AM org.apache.catalina.core.AprLifecycleListener lifecycleEvent
INFO: APR capabilities: IPv6 [true], sendfile [true], accept filters [false], random [true].
Feb 24, 2017 8:02:32 AM org.apache.catalina.core.AprLifecycleListener initializeSSL
INFO: OpenSSL successfully initialized (OpenSSL 1.0.2j  26 Sep 2016)
Feb 24, 2017 8:02:33 AM org.apache.coyote.AbstractProtocol init
INFO: Initializing ProtocolHandler ["http-apr-8080"]
Feb 24, 2017 8:02:33 AM org.apache.coyote.AbstractProtocol init
INFO: Initializing ProtocolHandler ["ajp-apr-8009"]
Feb 24, 2017 8:02:33 AM org.apache.catalina.startup.Catalina load
INFO: Initialization processed in 3184 ms
Feb 24, 2017 8:02:33 AM org.apache.catalina.core.StandardService startInternal
INFO: Starting service Catalina
Feb 24, 2017 8:02:33 AM org.apache.catalina.core.StandardEngine startInternal
INFO: Starting Servlet Engine: Apache Tomcat/7.0.75
Feb 24, 2017 8:02:33 AM org.apache.catalina.startup.HostConfig deployDescriptor
INFO: Deploying configuration descriptor C:\Users\Srajan\Documents\NetBeansProjects\FeedFusion_2\apache-tomcat-7.0.75\conf\Catalina\localhost\feedfusion.xml
Feb 24, 2017 8:02:34 AM org.apache.catalina.deploy.WebXml setVersion
WARNING: Unknown version string [3.1]. Default version will be used.
Feb 24, 2017 8:02:36 AM org.apache.catalina.startup.TldConfig execute
INFO: At least one JAR was scanned for TLDs yet contained no TLDs. Enable debug logging for this logger for a complete list of JARs that were scanned but no TLDs were found in them. Skipping unneeded JARs during scanning can improve startup time and JSP compilation time.
Feb 24, 2017 8:02:37 AM org.apache.catalina.util.SessionIdGeneratorBase createSecureRandom
INFO: Creation of SecureRandom instance for session ID generation using [SHA1PRNG] took [381] milliseconds.
Feb 24, 2017 8:02:37 AM org.apache.catalina.startup.HostConfig deployDescriptor
INFO: Deployment of configuration descriptor C:\Users\Srajan\Documents\NetBeansProjects\FeedFusion_2\apache-tomcat-7.0.75\conf\Catalina\localhost\feedfusion.xml has finished in 3,674 ms
Feb 24, 2017 8:02:37 AM org.apache.catalina.startup.HostConfig deployDirectory
INFO: Deploying web application directory C:\Users\Srajan\Documents\NetBeansProjects\FeedFusion_2\apache-tomcat-7.0.75\webapps\docs
Feb 24, 2017 8:02:37 AM org.apache.catalina.startup.TldConfig execute
INFO: At least one JAR was scanned for TLDs yet contained no TLDs. Enable debug logging for this logger for a complete list of JARs that were scanned but no TLDs were found in them. Skipping unneeded JARs during scanning can improve startup time and JSP compilation time.
Feb 24, 2017 8:02:37 AM org.apache.catalina.startup.HostConfig deployDirectory
INFO: Deployment of web application directory C:\Users\Srajan\Documents\NetBeansProjects\FeedFusion_2\apache-tomcat-7.0.75\webapps\docs has finished in 366 ms
Feb 24, 2017 8:02:37 AM org.apache.catalina.startup.HostConfig deployDirectory
INFO: Deploying web application directory C:\Users\Srajan\Documents\NetBeansProjects\FeedFusion_2\apache-tomcat-7.0.75\webapps\examples
Feb 24, 2017 8:02:38 AM org.apache.catalina.startup.TldConfig execute
INFO: At least one JAR was scanned for TLDs yet contained no TLDs. Enable debug logging for this logger for a complete list of JARs that were scanned but no TLDs were found in them. Skipping unneeded JARs during scanning can improve startup time and JSP compilation time.
Feb 24, 2017 8:02:39 AM org.apache.catalina.startup.HostConfig deployDirectory
INFO: Deployment of web application directory C:\Users\Srajan\Documents\NetBeansProjects\FeedFusion_2\apache-tomcat-7.0.75\webapps\examples has finished in 1,601 ms
Feb 24, 2017 8:02:39 AM org.apache.catalina.startup.HostConfig deployDirectory
INFO: Deploying web application directory C:\Users\Srajan\Documents\NetBeansProjects\FeedFusion_2\apache-tomcat-7.0.75\webapps\host-manager
Feb 24, 2017 8:02:39 AM org.apache.catalina.startup.TldConfig execute
INFO: At least one JAR was scanned for TLDs yet contained no TLDs. Enable debug logging for this logger for a complete list of JARs that were scanned but no TLDs were found in them. Skipping unneeded JARs during scanning can improve startup time and JSP compilation time.
Feb 24, 2017 8:02:39 AM org.apache.catalina.startup.HostConfig deployDirectory
INFO: Deployment of web application directory C:\Users\Srajan\Documents\NetBeansProjects\FeedFusion_2\apache-tomcat-7.0.75\webapps\host-manager has finished in 377 ms
Feb 24, 2017 8:02:39 AM org.apache.catalina.startup.HostConfig deployDirectory
INFO: Deploying web application directory C:\Users\Srajan\Documents\NetBeansProjects\FeedFusion_2\apache-tomcat-7.0.75\webapps\manager
Feb 24, 2017 8:02:40 AM org.apache.catalina.startup.TldConfig execute
INFO: At least one JAR was scanned for TLDs yet contained no TLDs. Enable debug logging for this logger for a complete list of JARs that were scanned but no TLDs were found in them. Skipping unneeded JARs during scanning can improve startup time and JSP compilation time.
Feb 24, 2017 8:02:40 AM org.apache.catalina.startup.HostConfig deployDirectory
INFO: Deployment of web application directory C:\Users\Srajan\Documents\NetBeansProjects\FeedFusion_2\apache-tomcat-7.0.75\webapps\manager has finished in 381 ms
Feb 24, 2017 8:02:40 AM org.apache.catalina.startup.HostConfig deployDirectory
INFO: Deploying web application directory C:\Users\Srajan\Documents\NetBeansProjects\FeedFusion_2\apache-tomcat-7.0.75\webapps\ROOT
Feb 24, 2017 8:02:40 AM org.apache.catalina.startup.TldConfig execute
INFO: At least one JAR was scanned for TLDs yet contained no TLDs. Enable debug logging for this logger for a complete list of JARs that were scanned but no TLDs were found in them. Skipping unneeded JARs during scanning can improve startup time and JSP compilation time.
Feb 24, 2017 8:02:40 AM org.apache.catalina.startup.HostConfig deployDirectory
INFO: Deployment of web application directory C:\Users\Srajan\Documents\NetBeansProjects\FeedFusion_2\apache-tomcat-7.0.75\webapps\ROOT has finished in 384 ms
Feb 24, 2017 8:02:40 AM org.apache.coyote.AbstractProtocol start
INFO: Starting ProtocolHandler ["http-apr-8080"]
Feb 24, 2017 8:02:40 AM org.apache.coyote.AbstractProtocol start
INFO: Starting ProtocolHandler ["ajp-apr-8009"]
Feb 24, 2017 8:02:40 AM org.apache.catalina.startup.Catalina start
INFO: Server startup in 7095 ms
Feb 24, 2017 8:03:52 AM org.apache.catalina.core.StandardContext reload
INFO: Reloading Context with name [/feedfusion] has started
Feb 24, 2017 8:03:52 AM org.apache.catalina.loader.WebappClassLoaderBase clearReferencesJdbc
SEVERE: The web application [/feedfusion] registered the JDBC driver [com.mysql.jdbc.Driver] but failed to unregister it when the web application was stopped. To prevent a memory leak, the JDBC Driver has been forcibly unregistered.
Feb 24, 2017 8:03:53 AM org.apache.catalina.startup.TldConfig execute
INFO: At least one JAR was scanned for TLDs yet contained no TLDs. Enable debug logging for this logger for a complete list of JARs that were scanned but no TLDs were found in them. Skipping unneeded JARs during scanning can improve startup time and JSP compilation time.
Feb 24, 2017 8:03:54 AM org.apache.catalina.core.StandardContext reload
INFO: Reloading Context with name [/feedfusion] is completed
Feb 24, 2017 8:04:24 AM org.apache.catalina.core.StandardServer await
INFO: A valid shutdown command was received via the shutdown port. Stopping the Server instance.
Feb 24, 2017 8:04:24 AM org.apache.coyote.AbstractProtocol pause
INFO: Pausing ProtocolHandler ["http-apr-8080"]
Feb 24, 2017 8:04:24 AM org.apache.coyote.AbstractProtocol pause
INFO: Pausing ProtocolHandler ["ajp-apr-8009"]
Feb 24, 2017 8:04:24 AM org.apache.catalina.core.StandardService stopInternal
INFO: Stopping service Catalina
Feb 24, 2017 8:04:24 AM org.apache.catalina.loader.WebappClassLoaderBase clearReferencesJdbc
SEVERE: The web application [/feedfusion] registered the JDBC driver [com.mysql.jdbc.Driver] but failed to unregister it when the web application was stopped. To prevent a memory leak, the JDBC Driver has been forcibly unregistered.
Feb 24, 2017 8:04:24 AM org.apache.coyote.AbstractProtocol stop
INFO: Stopping ProtocolHandler ["http-apr-8080"]
Feb 24, 2017 8:04:24 AM org.apache.coyote.AbstractProtocol stop
INFO: Stopping ProtocolHandler ["ajp-apr-8009"]
Feb 24, 2017 8:04:24 AM org.apache.coyote.AbstractProtocol destroy
INFO: Destroying ProtocolHandler ["http-apr-8080"]
Feb 24, 2017 8:04:24 AM org.apache.coyote.AbstractProtocol destroy
INFO: Destroying ProtocolHandler ["ajp-apr-8009"]
