Feb 24, 2017 12:02:49 AM org.apache.catalina.core.ApplicationContext log
INFO: SessionListener: contextDestroyed()
Feb 24, 2017 12:02:49 AM org.apache.catalina.core.ApplicationContext log
INFO: ContextListener: contextDestroyed()
Feb 24, 2017 7:58:55 AM org.apache.catalina.core.ApplicationContext log
INFO: ContextListener: contextInitialized()
Feb 24, 2017 7:58:55 AM org.apache.catalina.core.ApplicationContext log
INFO: SessionListener: contextInitialized()
Feb 24, 2017 7:58:55 AM org.apache.catalina.core.ApplicationContext log
INFO: ContextListener: attributeAdded('org.apache.jasper.compiler.TldLocationsCache', 'org.apache.jasper.compiler.TldLocationsCache@4e736c75')
Feb 24, 2017 8:02:19 AM org.apache.catalina.core.ApplicationContext log
INFO: SessionListener: contextDestroyed()
Feb 24, 2017 8:02:19 AM org.apache.catalina.core.ApplicationContext log
INFO: ContextListener: contextDestroyed()
Feb 24, 2017 8:02:39 AM org.apache.catalina.core.ApplicationContext log
INFO: ContextListener: contextInitialized()
Feb 24, 2017 8:02:39 AM org.apache.catalina.core.ApplicationContext log
INFO: SessionListener: contextInitialized()
Feb 24, 2017 8:02:39 AM org.apache.catalina.core.ApplicationContext log
INFO: ContextListener: attributeAdded('org.apache.jasper.compiler.TldLocationsCache', 'org.apache.jasper.compiler.TldLocationsCache@29f76b44')
Feb 24, 2017 8:04:24 AM org.apache.catalina.core.ApplicationContext log
INFO: SessionListener: contextDestroyed()
Feb 24, 2017 8:04:24 AM org.apache.catalina.core.ApplicationContext log
INFO: ContextListener: contextDestroyed()
